<?xml version="1.0" encoding="UTF-8"?>
<!-- Generated by org.testng.reporters.JUnitXMLReporter -->
<testsuite ignored="0" hostname="LAPTOP-B946T939" failures="0" tests="4" name="Regression" time="0.034" errors="0" timestamp="2021-07-14T23:53:41 IST">
  <testcase classname="qaclickacademy.Mavenjava.RestAPITest" name="test5" time="0.004"/>
  <testcase classname="qaclickacademy.Mavenjava.RestAPITest" name="test6" time="0.001"/>
  <testcase classname="qaclickacademy.Mavenjava.SeleniumTest" name="test3" time="0.0"/>
  <testcase classname="qaclickacademy.Mavenjava.SeleniumTest" name="test4" time="0.0"/>
</testsuite> <!-- Regression -->
