<?xml version="1.0" encoding="UTF-8"?>
<!-- Generated by org.testng.reporters.JUnitXMLReporter -->
<testsuite hostname="LAPTOP-B946T939" ignored="0" name="Smoke" tests="6" failures="0" timestamp="2021-07-29T23:42:10 IST" time="0.04" errors="0">
  <testcase name="test5" time="0.003" classname="qaclickacademy.Mavenjava.RestAPITest"/>
  <testcase name="test6" time="0.0" classname="qaclickacademy.Mavenjava.RestAPITest"/>
  <testcase name="test7" time="0.001" classname="qaclickacademy.Mavenjava.AppiumTest"/>
  <testcase name="test8" time="0.0" classname="qaclickacademy.Mavenjava.AppiumTest"/>
  <testcase name="test3" time="0.001" classname="qaclickacademy.Mavenjava.SeleniumTest"/>
  <testcase name="test4" time="0.001" classname="qaclickacademy.Mavenjava.SeleniumTest"/>
</testsuite> <!-- Smoke -->
