<?xml version="1.0" encoding="UTF-8"?>
<testng-results ignored="0" total="2" passed="2" failed="0" skipped="0">
  <reporter-output>
  </reporter-output>
  <suite started-at="2021-07-15T18:44:27 IST" name="Default suite" finished-at="2021-07-15T18:44:27 IST" duration-ms="50">
    <groups>
    </groups>
    <test started-at="2021-07-15T18:44:27 IST" name="Default test" finished-at="2021-07-15T18:44:27 IST" duration-ms="50">
      <class name="qaclickacademy.Mavenjava.AppiumTest">
        <test-method signature="test7()[pri:0, instance:qaclickacademy.Mavenjava.AppiumTest@625732]" started-at="2021-07-15T18:44:27 IST" name="test7" finished-at="2021-07-15T18:44:27 IST" duration-ms="8" status="PASS">
          <reporter-output>
          </reporter-output>
        </test-method> <!-- test7 -->
        <test-method signature="test8()[pri:0, instance:qaclickacademy.Mavenjava.AppiumTest@625732]" started-at="2021-07-15T18:44:27 IST" name="test8" finished-at="2021-07-15T18:44:27 IST" duration-ms="1" status="PASS">
          <reporter-output>
          </reporter-output>
        </test-method> <!-- test8 -->
      </class> <!-- qaclickacademy.Mavenjava.AppiumTest -->
    </test> <!-- Default test -->
  </suite> <!-- Default suite -->
</testng-results>
